<?xml version="1.0" encoding="UTF-8"?>
<!-- Generated by org.testng.reporters.JUnitXMLReporter -->
<testsuite hostname="LAPTOP-436H1A9M" ignored="0" name="Test" tests="6" failures="0" timestamp="04 Jan 2020 06:47:48 GMT" time="19.892" errors="0">
  <testcase name="validateComapnyTab" time="0.117" classname="qaportal.ValidateLoginPageTabAndLogo"/>
  <testcase name="validateFlightTab" time="0.055" classname="qaportal.ValidateLoginPageTabAndLogo"/>
  <testcase name="validateHomeTab" time="0.052" classname="qaportal.ValidateLoginPageTabAndLogo"/>
  <testcase name="validateLogo" time="0.08" classname="qaportal.ValidateLoginPageTabAndLogo"/>
  <testcase name="validateTourTab" time="0.063" classname="qaportal.ValidateLoginPageTabAndLogo"/>
  <testcase name="basePageNavigation" time="9.449" classname="qaportal.HomePage"/>
</testsuite> <!-- Test -->
